2024-03-07 01:50:26,140 [Worker-5: Loading available Gradle versions] INFO  o.e.b.c.i.u.g.PublishedGradleVersions - Gradle version information cache is up-to-date. Trying to read.
2024-03-07 16:25:05,304 [Worker-7: Loading available Gradle versions] INFO  o.e.b.c.i.u.g.PublishedGradleVersions - Gradle version information cache is out-of-date. Trying to update.
2024-03-07 21:02:21,466 [Worker-2: Loading available Gradle versions] INFO  o.e.b.c.i.u.g.PublishedGradleVersions - Gradle version information cache is up-to-date. Trying to read.
2024-03-11 21:38:20,809 [Worker-2: Loading available Gradle versions] INFO  o.e.b.c.i.u.g.PublishedGradleVersions - Gradle version information cache is out-of-date. Trying to update.
2024-03-12 18:04:27,916 [Worker-6: Loading available Gradle versions] INFO  o.e.b.c.i.u.g.PublishedGradleVersions - Gradle version information cache is up-to-date. Trying to read.
2024-03-13 18:37:29,652 [Worker-1: Loading available Gradle versions] INFO  o.e.b.c.i.u.g.PublishedGradleVersions - Gradle version information cache is up-to-date. Trying to read.
2024-03-14 17:56:59,136 [Worker-1: Loading available Gradle versions] INFO  o.e.b.c.i.u.g.PublishedGradleVersions - Gradle version information cache is up-to-date. Trying to read.
2024-03-14 18:18:35,785 [Worker-6: Loading available Gradle versions] INFO  o.e.b.c.i.u.g.PublishedGradleVersions - Gradle version information cache is up-to-date. Trying to read.
2024-03-14 20:15:05,069 [Worker-6: Loading available Gradle versions] INFO  o.e.b.c.i.u.g.PublishedGradleVersions - Gradle version information cache is up-to-date. Trying to read.
2024-03-18 18:05:23,982 [Worker-0: Loading available Gradle versions] INFO  o.e.b.c.i.u.g.PublishedGradleVersions - Gradle version information cache is up-to-date. Trying to read.
2024-03-18 20:04:05,183 [Worker-3: Loading available Gradle versions] INFO  o.e.b.c.i.u.g.PublishedGradleVersions - Gradle version information cache is up-to-date. Trying to read.
2024-03-19 19:19:04,158 [Worker-1: Loading available Gradle versions] INFO  o.e.b.c.i.u.g.PublishedGradleVersions - Gradle version information cache is out-of-date. Trying to update.
2024-03-20 18:27:52,649 [Worker-2: Loading available Gradle versions] INFO  o.e.b.c.i.u.g.PublishedGradleVersions - Gradle version information cache is up-to-date. Trying to read.
2024-03-20 18:57:44,855 [Worker-6: Loading available Gradle versions] INFO  o.e.b.c.i.u.g.PublishedGradleVersions - Gradle version information cache is up-to-date. Trying to read.
2024-03-21 17:09:54,490 [Worker-4: Loading available Gradle versions] INFO  o.e.b.c.i.u.g.PublishedGradleVersions - Gradle version information cache is out-of-date. Trying to update.
2024-04-03 20:26:21,059 [Worker-6: Loading available Gradle versions] INFO  o.e.b.c.i.u.g.PublishedGradleVersions - Gradle version information cache is up-to-date. Trying to read.
2024-04-04 18:14:22,343 [Worker-4: Loading available Gradle versions] INFO  o.e.b.c.i.u.g.PublishedGradleVersions - Gradle version information cache is up-to-date. Trying to read.
2024-04-04 20:57:03,744 [Worker-2: Loading available Gradle versions] INFO  o.e.b.c.i.u.g.PublishedGradleVersions - Gradle version information cache is out-of-date. Trying to update.
2024-04-04 21:35:23,732 [Worker-1: Loading available Gradle versions] INFO  o.e.b.c.i.u.g.PublishedGradleVersions - Gradle version information cache is up-to-date. Trying to read.
2024-04-08 18:28:52,506 [Worker-7: Loading available Gradle versions] INFO  o.e.b.c.i.u.g.PublishedGradleVersions - Gradle version information cache is up-to-date. Trying to read.
2024-04-17 20:38:18,648 [Worker-6: Loading available Gradle versions] INFO  o.e.b.c.i.u.g.PublishedGradleVersions - Gradle version information cache is up-to-date. Trying to read.
2024-04-17 20:40:57,354 [Worker-7: Building] INFO  o.e.m.c.i.l.LifecycleMappingFactory - Using org.eclipse.m2e.jdt.JarLifecycleMapping lifecycle mapping for MavenProject: dignitae.java:test01_junit5:1.0 @ C:\Users\hgarn\Documents\desarrollo\java\java-dignitae\TEMA_08_Testing_Junit\test01_junit5\pom.xml.
2024-04-17 20:40:58,823 [Worker-7: Building] WARN  o.a.m.s.f.DefaultMavenResourcesFiltering - Using platform encoding (UTF-8 actually) to copy filtered resources, i.e. build is platform dependent!
2024-04-17 20:40:58,835 [Worker-7: Building] INFO  o.a.m.s.f.DefaultMavenResourcesFiltering - Copying 0 resource from src\main\resources to target\classes
2024-04-17 20:40:58,849 [Worker-7: Building] WARN  o.a.m.s.f.DefaultMavenResourcesFiltering - Using platform encoding (UTF-8 actually) to copy filtered resources, i.e. build is platform dependent!
2024-04-17 20:40:58,851 [Worker-7: Building] INFO  o.a.m.s.f.DefaultMavenResourcesFiltering - Copying 0 resource from src\test\resources to target\test-classes
2024-04-17 20:40:59,251 [Worker-7: Building] INFO  o.e.m.c.i.l.LifecycleMappingFactory - Using org.eclipse.m2e.jdt.JarLifecycleMapping lifecycle mapping for MavenProject: dignitae.java.tests:test02_TestInstance:1.0 @ C:\Users\hgarn\Documents\desarrollo\java\java-dignitae\TEMA_08_Testing_Junit\test02_TestInstance\pom.xml.
2024-04-17 20:40:59,420 [Worker-7: Building] WARN  o.a.m.s.f.DefaultMavenResourcesFiltering - Using platform encoding (UTF-8 actually) to copy filtered resources, i.e. build is platform dependent!
2024-04-17 20:40:59,423 [Worker-7: Building] INFO  o.a.m.s.f.DefaultMavenResourcesFiltering - Copying 0 resource from src\main\resources to target\classes
2024-04-17 20:40:59,430 [Worker-7: Building] WARN  o.a.m.s.f.DefaultMavenResourcesFiltering - Using platform encoding (UTF-8 actually) to copy filtered resources, i.e. build is platform dependent!
2024-04-17 20:40:59,433 [Worker-7: Building] INFO  o.a.m.s.f.DefaultMavenResourcesFiltering - Copying 0 resource from src\test\resources to target\test-classes
2024-04-17 21:08:08,761 [Start Help Server] INFO  org.eclipse.jetty.server.Server - jetty-12.0.3; built: 2023-10-27T03:25:22.284Z; git: a873259fd5af141dedaa6c7fa8fe8fbdedce0d61; jvm 21.0.2+13-LTS-58
2024-04-17 21:08:08,899 [Start Help Server] INFO  o.e.j.server.handler.ContextHandler - Started oeje8n.ContextHandler$CoreContextHandler@39ab4e21{/help,/help,b=null,a=AVAILABLE,h=oeje8n.ContextHandler$CoreContextHandler$CoreToNestedHandler@38cf738a{STARTED}}
2024-04-17 21:08:08,902 [Start Help Server] INFO  o.e.j.s.DefaultSessionIdManager - Session workerName=node0
2024-04-17 21:08:08,965 [Start Help Server] INFO  o.e.jetty.server.AbstractConnector - Started ServerConnector@537c4a53{HTTP/1.1, (http/1.1)}{127.0.0.1:62249}
2024-04-17 21:08:08,976 [Start Help Server] INFO  org.eclipse.jetty.server.Server - Started oejs.Server@18ecd463{STARTING}[12.0.3,sto=0] @1811485ms
2024-04-17 21:09:05,508 [Worker-39: Launching Executing test in C__Users_hgarn_Documents_desarrollo_java_java-dignitae_TEMA_08_Testing_Junit_test01_junit5] INFO  o.eclipse.m2e.core.internal.Bundles - getClasspathEntries(Bundle=org.eclipse.m2e.maven.runtime_3.9.500.20231113-2345 [626])
2024-04-17 21:09:05,510 [Worker-39: Launching Executing test in C__Users_hgarn_Documents_desarrollo_java_java-dignitae_TEMA_08_Testing_Junit_test01_junit5] INFO  o.eclipse.m2e.core.internal.Bundles - 	Entry: C:\Users\hgarn\.p2\pool\plugins\org.eclipse.m2e.maven.runtime_3.9.500.20231113-2345
2024-04-17 21:09:05,511 [Worker-39: Launching Executing test in C__Users_hgarn_Documents_desarrollo_java_java-dignitae_TEMA_08_Testing_Junit_test01_junit5] INFO  o.eclipse.m2e.core.internal.Bundles - 	Entry: C:\Users\hgarn\.p2\pool\plugins\org.eclipse.m2e.maven.runtime_3.9.500.20231113-2345\jars\aopalliance-1.0.jar
2024-04-17 21:09:05,511 [Worker-39: Launching Executing test in C__Users_hgarn_Documents_desarrollo_java_java-dignitae_TEMA_08_Testing_Junit_test01_junit5] INFO  o.eclipse.m2e.core.internal.Bundles - 	Entry: C:\Users\hgarn\.p2\pool\plugins\org.eclipse.m2e.maven.runtime_3.9.500.20231113-2345\jars\guice-5.1.0.jar
2024-04-17 21:09:05,511 [Worker-39: Launching Executing test in C__Users_hgarn_Documents_desarrollo_java_java-dignitae_TEMA_08_Testing_Junit_test01_junit5] INFO  o.eclipse.m2e.core.internal.Bundles - 	Entry: C:\Users\hgarn\.p2\pool\plugins\org.eclipse.m2e.maven.runtime_3.9.500.20231113-2345\jars\httpclient-4.5.14.jar
2024-04-17 21:09:05,511 [Worker-39: Launching Executing test in C__Users_hgarn_Documents_desarrollo_java_java-dignitae_TEMA_08_Testing_Junit_test01_junit5] INFO  o.eclipse.m2e.core.internal.Bundles - 	Entry: C:\Users\hgarn\.p2\pool\plugins\org.eclipse.m2e.maven.runtime_3.9.500.20231113-2345\jars\httpcore-4.4.16.jar
2024-04-17 21:09:05,511 [Worker-39: Launching Executing test in C__Users_hgarn_Documents_desarrollo_java_java-dignitae_TEMA_08_Testing_Junit_test01_junit5] INFO  o.eclipse.m2e.core.internal.Bundles - 	Entry: C:\Users\hgarn\.p2\pool\plugins\org.eclipse.m2e.maven.runtime_3.9.500.20231113-2345\jars\jansi-2.4.0.jar
2024-04-17 21:09:05,511 [Worker-39: Launching Executing test in C__Users_hgarn_Documents_desarrollo_java_java-dignitae_TEMA_08_Testing_Junit_test01_junit5] INFO  o.eclipse.m2e.core.internal.Bundles - 	Entry: C:\Users\hgarn\.p2\pool\plugins\org.eclipse.m2e.maven.runtime_3.9.500.20231113-2345\jars\jcl-over-slf4j-1.7.36.jar
2024-04-17 21:09:05,511 [Worker-39: Launching Executing test in C__Users_hgarn_Documents_desarrollo_java_java-dignitae_TEMA_08_Testing_Junit_test01_junit5] INFO  o.eclipse.m2e.core.internal.Bundles - 	Entry: C:\Users\hgarn\.p2\pool\plugins\org.eclipse.m2e.maven.runtime_3.9.500.20231113-2345\jars\maven-artifact-3.9.5.jar
2024-04-17 21:09:05,511 [Worker-39: Launching Executing test in C__Users_hgarn_Documents_desarrollo_java_java-dignitae_TEMA_08_Testing_Junit_test01_junit5] INFO  o.eclipse.m2e.core.internal.Bundles - 	Entry: C:\Users\hgarn\.p2\pool\plugins\org.eclipse.m2e.maven.runtime_3.9.500.20231113-2345\jars\maven-builder-support-3.9.5.jar
2024-04-17 21:09:05,511 [Worker-39: Launching Executing test in C__Users_hgarn_Documents_desarrollo_java_java-dignitae_TEMA_08_Testing_Junit_test01_junit5] INFO  o.eclipse.m2e.core.internal.Bundles - 	Entry: C:\Users\hgarn\.p2\pool\plugins\org.eclipse.m2e.maven.runtime_3.9.500.20231113-2345\jars\maven-compat-3.9.5.jar
2024-04-17 21:09:05,511 [Worker-39: Launching Executing test in C__Users_hgarn_Documents_desarrollo_java_java-dignitae_TEMA_08_Testing_Junit_test01_junit5] INFO  o.eclipse.m2e.core.internal.Bundles - 	Entry: C:\Users\hgarn\.p2\pool\plugins\org.eclipse.m2e.maven.runtime_3.9.500.20231113-2345\jars\maven-core-3.9.5.jar
2024-04-17 21:09:05,511 [Worker-39: Launching Executing test in C__Users_hgarn_Documents_desarrollo_java_java-dignitae_TEMA_08_Testing_Junit_test01_junit5] INFO  o.eclipse.m2e.core.internal.Bundles - 	Entry: C:\Users\hgarn\.p2\pool\plugins\org.eclipse.m2e.maven.runtime_3.9.500.20231113-2345\jars\maven-embedder-3.9.5.jar
2024-04-17 21:09:05,512 [Worker-39: Launching Executing test in C__Users_hgarn_Documents_desarrollo_java_java-dignitae_TEMA_08_Testing_Junit_test01_junit5] INFO  o.eclipse.m2e.core.internal.Bundles - 	Entry: C:\Users\hgarn\.p2\pool\plugins\org.eclipse.m2e.maven.runtime_3.9.500.20231113-2345\jars\maven-model-3.9.5.jar
2024-04-17 21:09:05,512 [Worker-39: Launching Executing test in C__Users_hgarn_Documents_desarrollo_java_java-dignitae_TEMA_08_Testing_Junit_test01_junit5] INFO  o.eclipse.m2e.core.internal.Bundles - 	Entry: C:\Users\hgarn\.p2\pool\plugins\org.eclipse.m2e.maven.runtime_3.9.500.20231113-2345\jars\maven-model-builder-3.9.5.jar
2024-04-17 21:09:05,512 [Worker-39: Launching Executing test in C__Users_hgarn_Documents_desarrollo_java_java-dignitae_TEMA_08_Testing_Junit_test01_junit5] INFO  o.eclipse.m2e.core.internal.Bundles - 	Entry: C:\Users\hgarn\.p2\pool\plugins\org.eclipse.m2e.maven.runtime_3.9.500.20231113-2345\jars\maven-plugin-api-3.9.5.jar
2024-04-17 21:09:05,512 [Worker-39: Launching Executing test in C__Users_hgarn_Documents_desarrollo_java_java-dignitae_TEMA_08_Testing_Junit_test01_junit5] INFO  o.eclipse.m2e.core.internal.Bundles - 	Entry: C:\Users\hgarn\.p2\pool\plugins\org.eclipse.m2e.maven.runtime_3.9.500.20231113-2345\jars\maven-repository-metadata-3.9.5.jar
2024-04-17 21:09:05,512 [Worker-39: Launching Executing test in C__Users_hgarn_Documents_desarrollo_java_java-dignitae_TEMA_08_Testing_Junit_test01_junit5] INFO  o.eclipse.m2e.core.internal.Bundles - 	Entry: C:\Users\hgarn\.p2\pool\plugins\org.eclipse.m2e.maven.runtime_3.9.500.20231113-2345\jars\maven-resolver-api-1.9.16.jar
2024-04-17 21:09:05,512 [Worker-39: Launching Executing test in C__Users_hgarn_Documents_desarrollo_java_java-dignitae_TEMA_08_Testing_Junit_test01_junit5] INFO  o.eclipse.m2e.core.internal.Bundles - 	Entry: C:\Users\hgarn\.p2\pool\plugins\org.eclipse.m2e.maven.runtime_3.9.500.20231113-2345\jars\maven-resolver-connector-basic-1.9.16.jar
2024-04-17 21:09:05,513 [Worker-39: Launching Executing test in C__Users_hgarn_Documents_desarrollo_java_java-dignitae_TEMA_08_Testing_Junit_test01_junit5] INFO  o.eclipse.m2e.core.internal.Bundles - 	Entry: C:\Users\hgarn\.p2\pool\plugins\org.eclipse.m2e.maven.runtime_3.9.500.20231113-2345\jars\maven-resolver-impl-1.9.16.jar
2024-04-17 21:09:05,513 [Worker-39: Launching Executing test in C__Users_hgarn_Documents_desarrollo_java_java-dignitae_TEMA_08_Testing_Junit_test01_junit5] INFO  o.eclipse.m2e.core.internal.Bundles - 	Entry: C:\Users\hgarn\.p2\pool\plugins\org.eclipse.m2e.maven.runtime_3.9.500.20231113-2345\jars\maven-resolver-named-locks-1.9.16.jar
2024-04-17 21:09:05,513 [Worker-39: Launching Executing test in C__Users_hgarn_Documents_desarrollo_java_java-dignitae_TEMA_08_Testing_Junit_test01_junit5] INFO  o.eclipse.m2e.core.internal.Bundles - 	Entry: C:\Users\hgarn\.p2\pool\plugins\org.eclipse.m2e.maven.runtime_3.9.500.20231113-2345\jars\maven-resolver-provider-3.9.5.jar
2024-04-17 21:09:05,513 [Worker-39: Launching Executing test in C__Users_hgarn_Documents_desarrollo_java_java-dignitae_TEMA_08_Testing_Junit_test01_junit5] INFO  o.eclipse.m2e.core.internal.Bundles - 	Entry: C:\Users\hgarn\.p2\pool\plugins\org.eclipse.m2e.maven.runtime_3.9.500.20231113-2345\jars\maven-resolver-spi-1.9.16.jar
2024-04-17 21:09:05,513 [Worker-39: Launching Executing test in C__Users_hgarn_Documents_desarrollo_java_java-dignitae_TEMA_08_Testing_Junit_test01_junit5] INFO  o.eclipse.m2e.core.internal.Bundles - 	Entry: C:\Users\hgarn\.p2\pool\plugins\org.eclipse.m2e.maven.runtime_3.9.500.20231113-2345\jars\maven-resolver-transport-file-1.9.16.jar
2024-04-17 21:09:05,513 [Worker-39: Launching Executing test in C__Users_hgarn_Documents_desarrollo_java_java-dignitae_TEMA_08_Testing_Junit_test01_junit5] INFO  o.eclipse.m2e.core.internal.Bundles - 	Entry: C:\Users\hgarn\.p2\pool\plugins\org.eclipse.m2e.maven.runtime_3.9.500.20231113-2345\jars\maven-resolver-transport-http-1.9.16.jar
2024-04-17 21:09:05,513 [Worker-39: Launching Executing test in C__Users_hgarn_Documents_desarrollo_java_java-dignitae_TEMA_08_Testing_Junit_test01_junit5] INFO  o.eclipse.m2e.core.internal.Bundles - 	Entry: C:\Users\hgarn\.p2\pool\plugins\org.eclipse.m2e.maven.runtime_3.9.500.20231113-2345\jars\maven-resolver-transport-wagon-1.9.16.jar
2024-04-17 21:09:05,513 [Worker-39: Launching Executing test in C__Users_hgarn_Documents_desarrollo_java_java-dignitae_TEMA_08_Testing_Junit_test01_junit5] INFO  o.eclipse.m2e.core.internal.Bundles - 	Entry: C:\Users\hgarn\.p2\pool\plugins\org.eclipse.m2e.maven.runtime_3.9.500.20231113-2345\jars\maven-resolver-util-1.9.16.jar
2024-04-17 21:09:05,514 [Worker-39: Launching Executing test in C__Users_hgarn_Documents_desarrollo_java_java-dignitae_TEMA_08_Testing_Junit_test01_junit5] INFO  o.eclipse.m2e.core.internal.Bundles - 	Entry: C:\Users\hgarn\.p2\pool\plugins\org.eclipse.m2e.maven.runtime_3.9.500.20231113-2345\jars\maven-settings-3.9.5.jar
2024-04-17 21:09:05,514 [Worker-39: Launching Executing test in C__Users_hgarn_Documents_desarrollo_java_java-dignitae_TEMA_08_Testing_Junit_test01_junit5] INFO  o.eclipse.m2e.core.internal.Bundles - 	Entry: C:\Users\hgarn\.p2\pool\plugins\org.eclipse.m2e.maven.runtime_3.9.500.20231113-2345\jars\maven-settings-builder-3.9.5.jar
2024-04-17 21:09:05,514 [Worker-39: Launching Executing test in C__Users_hgarn_Documents_desarrollo_java_java-dignitae_TEMA_08_Testing_Junit_test01_junit5] INFO  o.eclipse.m2e.core.internal.Bundles - 	Entry: C:\Users\hgarn\.p2\pool\plugins\org.eclipse.m2e.maven.runtime_3.9.500.20231113-2345\jars\maven-shared-utils-3.3.4.jar
2024-04-17 21:09:05,514 [Worker-39: Launching Executing test in C__Users_hgarn_Documents_desarrollo_java_java-dignitae_TEMA_08_Testing_Junit_test01_junit5] INFO  o.eclipse.m2e.core.internal.Bundles - 	Entry: C:\Users\hgarn\.p2\pool\plugins\org.eclipse.m2e.maven.runtime_3.9.500.20231113-2345\jars\org.eclipse.sisu.inject-0.3.5.jar
2024-04-17 21:09:05,514 [Worker-39: Launching Executing test in C__Users_hgarn_Documents_desarrollo_java_java-dignitae_TEMA_08_Testing_Junit_test01_junit5] INFO  o.eclipse.m2e.core.internal.Bundles - 	Entry: C:\Users\hgarn\.p2\pool\plugins\org.eclipse.m2e.maven.runtime_3.9.500.20231113-2345\jars\org.eclipse.sisu.plexus-0.3.5.jar
2024-04-17 21:09:05,514 [Worker-39: Launching Executing test in C__Users_hgarn_Documents_desarrollo_java_java-dignitae_TEMA_08_Testing_Junit_test01_junit5] INFO  o.eclipse.m2e.core.internal.Bundles - 	Entry: C:\Users\hgarn\.p2\pool\plugins\org.eclipse.m2e.maven.runtime_3.9.500.20231113-2345\jars\plexus-build-api-0.0.7.jar
2024-04-17 21:09:05,514 [Worker-39: Launching Executing test in C__Users_hgarn_Documents_desarrollo_java_java-dignitae_TEMA_08_Testing_Junit_test01_junit5] INFO  o.eclipse.m2e.core.internal.Bundles - 	Entry: C:\Users\hgarn\.p2\pool\plugins\org.eclipse.m2e.maven.runtime_3.9.500.20231113-2345\jars\plexus-cipher-2.0.jar
2024-04-17 21:09:05,514 [Worker-39: Launching Executing test in C__Users_hgarn_Documents_desarrollo_java_java-dignitae_TEMA_08_Testing_Junit_test01_junit5] INFO  o.eclipse.m2e.core.internal.Bundles - 	Entry: C:\Users\hgarn\.p2\pool\plugins\org.eclipse.m2e.maven.runtime_3.9.500.20231113-2345\jars\plexus-classworlds-2.7.0.jar
2024-04-17 21:09:05,514 [Worker-39: Launching Executing test in C__Users_hgarn_Documents_desarrollo_java_java-dignitae_TEMA_08_Testing_Junit_test01_junit5] INFO  o.eclipse.m2e.core.internal.Bundles - 	Entry: C:\Users\hgarn\.p2\pool\plugins\org.eclipse.m2e.maven.runtime_3.9.500.20231113-2345\jars\plexus-component-annotations-2.1.0.jar
2024-04-17 21:09:05,514 [Worker-39: Launching Executing test in C__Users_hgarn_Documents_desarrollo_java_java-dignitae_TEMA_08_Testing_Junit_test01_junit5] INFO  o.eclipse.m2e.core.internal.Bundles - 	Entry: C:\Users\hgarn\.p2\pool\plugins\org.eclipse.m2e.maven.runtime_3.9.500.20231113-2345\jars\plexus-interpolation-1.26.jar
2024-04-17 21:09:05,514 [Worker-39: Launching Executing test in C__Users_hgarn_Documents_desarrollo_java_java-dignitae_TEMA_08_Testing_Junit_test01_junit5] INFO  o.eclipse.m2e.core.internal.Bundles - 	Entry: C:\Users\hgarn\.p2\pool\plugins\org.eclipse.m2e.maven.runtime_3.9.500.20231113-2345\jars\plexus-sec-dispatcher-2.0.jar
2024-04-17 21:09:05,515 [Worker-39: Launching Executing test in C__Users_hgarn_Documents_desarrollo_java_java-dignitae_TEMA_08_Testing_Junit_test01_junit5] INFO  o.eclipse.m2e.core.internal.Bundles - 	Entry: C:\Users\hgarn\.p2\pool\plugins\org.eclipse.m2e.maven.runtime_3.9.500.20231113-2345\jars\plexus-utils-3.5.1.jar
2024-04-17 21:09:05,515 [Worker-39: Launching Executing test in C__Users_hgarn_Documents_desarrollo_java_java-dignitae_TEMA_08_Testing_Junit_test01_junit5] INFO  o.eclipse.m2e.core.internal.Bundles - 	Entry: C:\Users\hgarn\.p2\pool\plugins\org.eclipse.m2e.maven.runtime_3.9.500.20231113-2345\jars\wagon-file-3.5.3.jar
2024-04-17 21:09:05,515 [Worker-39: Launching Executing test in C__Users_hgarn_Documents_desarrollo_java_java-dignitae_TEMA_08_Testing_Junit_test01_junit5] INFO  o.eclipse.m2e.core.internal.Bundles - 	Entry: C:\Users\hgarn\.p2\pool\plugins\org.eclipse.m2e.maven.runtime_3.9.500.20231113-2345\jars\wagon-http-3.5.3.jar
2024-04-17 21:09:05,515 [Worker-39: Launching Executing test in C__Users_hgarn_Documents_desarrollo_java_java-dignitae_TEMA_08_Testing_Junit_test01_junit5] INFO  o.eclipse.m2e.core.internal.Bundles - 	Entry: C:\Users\hgarn\.p2\pool\plugins\org.eclipse.m2e.maven.runtime_3.9.500.20231113-2345\jars\wagon-http-shared-3.5.3.jar
2024-04-17 21:09:05,515 [Worker-39: Launching Executing test in C__Users_hgarn_Documents_desarrollo_java_java-dignitae_TEMA_08_Testing_Junit_test01_junit5] INFO  o.eclipse.m2e.core.internal.Bundles - 	Entry: C:\Users\hgarn\.p2\pool\plugins\org.eclipse.m2e.maven.runtime_3.9.500.20231113-2345\jars\wagon-provider-api-3.5.3.jar
2024-04-17 21:09:05,516 [Worker-39: Launching Executing test in C__Users_hgarn_Documents_desarrollo_java_java-dignitae_TEMA_08_Testing_Junit_test01_junit5] INFO  o.eclipse.m2e.core.internal.Bundles - getClasspathEntries(Bundle=com.google.guava_32.1.3.jre [12])
2024-04-17 21:09:05,516 [Worker-39: Launching Executing test in C__Users_hgarn_Documents_desarrollo_java_java-dignitae_TEMA_08_Testing_Junit_test01_junit5] INFO  o.eclipse.m2e.core.internal.Bundles - 	Entry: C:\Users\hgarn\.p2\pool\plugins\com.google.guava_32.1.3.jre.jar
2024-04-17 21:09:05,516 [Worker-39: Launching Executing test in C__Users_hgarn_Documents_desarrollo_java_java-dignitae_TEMA_08_Testing_Junit_test01_junit5] INFO  o.eclipse.m2e.core.internal.Bundles - getClasspathEntries(Bundle=slf4j.api_2.0.12 [986])
2024-04-17 21:09:05,517 [Worker-39: Launching Executing test in C__Users_hgarn_Documents_desarrollo_java_java-dignitae_TEMA_08_Testing_Junit_test01_junit5] INFO  o.eclipse.m2e.core.internal.Bundles - 	Entry: C:\Users\hgarn\.p2\pool\plugins\slf4j.api_2.0.12.jar
2024-04-17 21:09:05,517 [Worker-39: Launching Executing test in C__Users_hgarn_Documents_desarrollo_java_java-dignitae_TEMA_08_Testing_Junit_test01_junit5] INFO  o.eclipse.m2e.core.internal.Bundles - getClasspathEntries(Bundle=jakarta.inject.jakarta.inject-api_1.0.5 [29])
2024-04-17 21:09:05,517 [Worker-39: Launching Executing test in C__Users_hgarn_Documents_desarrollo_java_java-dignitae_TEMA_08_Testing_Junit_test01_junit5] INFO  o.eclipse.m2e.core.internal.Bundles - 	Entry: C:\Users\hgarn\.p2\pool\plugins\jakarta.inject.jakarta.inject-api_1.0.5.jar
2024-04-17 21:09:05,517 [Worker-39: Launching Executing test in C__Users_hgarn_Documents_desarrollo_java_java-dignitae_TEMA_08_Testing_Junit_test01_junit5] INFO  o.eclipse.m2e.core.internal.Bundles - getClasspathEntries(Bundle=jakarta.annotation-api_1.3.5 [24])
2024-04-17 21:09:05,517 [Worker-39: Launching Executing test in C__Users_hgarn_Documents_desarrollo_java_java-dignitae_TEMA_08_Testing_Junit_test01_junit5] INFO  o.eclipse.m2e.core.internal.Bundles - 	Entry: C:\Users\hgarn\.p2\pool\plugins\jakarta.annotation-api_1.3.5.jar
2024-04-17 21:09:05,517 [Worker-39: Launching Executing test in C__Users_hgarn_Documents_desarrollo_java_java-dignitae_TEMA_08_Testing_Junit_test01_junit5] INFO  o.eclipse.m2e.core.internal.Bundles - getClasspathEntries(Bundle=org.apache.commons.cli_1.6.0 [71])
2024-04-17 21:09:05,517 [Worker-39: Launching Executing test in C__Users_hgarn_Documents_desarrollo_java_java-dignitae_TEMA_08_Testing_Junit_test01_junit5] INFO  o.eclipse.m2e.core.internal.Bundles - 	Entry: C:\Users\hgarn\.p2\pool\plugins\org.apache.commons.cli_1.6.0.jar
2024-04-17 21:09:05,517 [Worker-39: Launching Executing test in C__Users_hgarn_Documents_desarrollo_java_java-dignitae_TEMA_08_Testing_Junit_test01_junit5] INFO  o.eclipse.m2e.core.internal.Bundles - getClasspathEntries(Bundle=org.apache.commons.commons-codec_1.16.0 [75])
2024-04-17 21:09:05,518 [Worker-39: Launching Executing test in C__Users_hgarn_Documents_desarrollo_java_java-dignitae_TEMA_08_Testing_Junit_test01_junit5] INFO  o.eclipse.m2e.core.internal.Bundles - 	Entry: C:\Users\hgarn\.p2\pool\plugins\org.apache.commons.commons-codec_1.16.0.jar
2024-04-17 21:09:05,518 [Worker-39: Launching Executing test in C__Users_hgarn_Documents_desarrollo_java_java-dignitae_TEMA_08_Testing_Junit_test01_junit5] INFO  o.eclipse.m2e.core.internal.Bundles - getClasspathEntries(Bundle=org.apache.commons.lang3_3.14.0 [992])
2024-04-17 21:09:05,518 [Worker-39: Launching Executing test in C__Users_hgarn_Documents_desarrollo_java_java-dignitae_TEMA_08_Testing_Junit_test01_junit5] INFO  o.eclipse.m2e.core.internal.Bundles - 	Entry: C:\Users\hgarn\.p2\pool\plugins\org.apache.commons.lang3_3.14.0.jar
2024-04-17 21:09:05,518 [Worker-39: Launching Executing test in C__Users_hgarn_Documents_desarrollo_java_java-dignitae_TEMA_08_Testing_Junit_test01_junit5] INFO  o.eclipse.m2e.core.internal.Bundles - getClasspathEntries(Bundle=com.google.guava.failureaccess_1.0.2 [13])
2024-04-17 21:09:05,518 [Worker-39: Launching Executing test in C__Users_hgarn_Documents_desarrollo_java_java-dignitae_TEMA_08_Testing_Junit_test01_junit5] INFO  o.eclipse.m2e.core.internal.Bundles - 	Entry: C:\Users\hgarn\.p2\pool\plugins\com.google.guava.failureaccess_1.0.2.jar
2024-04-17 21:09:05,523 [Worker-39: Launching Executing test in C__Users_hgarn_Documents_desarrollo_java_java-dignitae_TEMA_08_Testing_Junit_test01_junit5] INFO  o.e.m.i.launch.MavenLaunchDelegate - Run build in "C:\Users\hgarn\Documents\desarrollo\java\java-dignitae\TEMA_08_Testing_Junit\test01_junit5":
2024-04-17 21:09:05,529 [Worker-39: Launching Executing test in C__Users_hgarn_Documents_desarrollo_java_java-dignitae_TEMA_08_Testing_Junit_test01_junit5] INFO  o.e.m.i.launch.MavenLaunchDelegate -  mvn  -B -Dstyle.color=always test
2024-04-17 21:10:35,421 [Worker-41: Launching test01_junit5] WARN  o.a.m.s.f.DefaultMavenResourcesFiltering - Using platform encoding (UTF-8 actually) to copy filtered resources, i.e. build is platform dependent!
2024-04-17 21:10:35,430 [Worker-41: Launching test01_junit5] INFO  o.a.m.s.f.DefaultMavenResourcesFiltering - Copying 0 resource from src\main\resources to target\classes
2024-04-17 21:10:35,435 [Worker-41: Launching test01_junit5] WARN  o.a.m.s.f.DefaultMavenResourcesFiltering - Using platform encoding (UTF-8 actually) to copy filtered resources, i.e. build is platform dependent!
2024-04-17 21:10:35,439 [Worker-41: Launching test01_junit5] INFO  o.a.m.s.f.DefaultMavenResourcesFiltering - Copying 0 resource from src\test\resources to target\test-classes
2024-04-17 21:11:20,700 [Worker-44: Building] WARN  o.a.m.s.f.DefaultMavenResourcesFiltering - Using platform encoding (UTF-8 actually) to copy filtered resources, i.e. build is platform dependent!
2024-04-17 21:11:20,702 [Worker-44: Building] INFO  o.a.m.s.f.DefaultMavenResourcesFiltering - Copying 0 resource from src\main\resources to target\classes
2024-04-17 21:11:20,708 [Worker-44: Building] WARN  o.a.m.s.f.DefaultMavenResourcesFiltering - Using platform encoding (UTF-8 actually) to copy filtered resources, i.e. build is platform dependent!
2024-04-17 21:11:20,711 [Worker-44: Building] INFO  o.a.m.s.f.DefaultMavenResourcesFiltering - Copying 0 resource from src\test\resources to target\test-classes
2024-04-17 21:12:16,880 [Worker-43: Launching Executing test in C__Users_hgarn_Documents_desarrollo_java_java-dignitae_TEMA_08_Testing_Junit_test01_junit5] INFO  o.eclipse.m2e.core.internal.Bundles - getClasspathEntries(Bundle=org.eclipse.m2e.maven.runtime_3.9.500.20231113-2345 [626])
2024-04-17 21:12:16,881 [Worker-43: Launching Executing test in C__Users_hgarn_Documents_desarrollo_java_java-dignitae_TEMA_08_Testing_Junit_test01_junit5] INFO  o.eclipse.m2e.core.internal.Bundles - 	Entry: C:\Users\hgarn\.p2\pool\plugins\org.eclipse.m2e.maven.runtime_3.9.500.20231113-2345
2024-04-17 21:12:16,882 [Worker-43: Launching Executing test in C__Users_hgarn_Documents_desarrollo_java_java-dignitae_TEMA_08_Testing_Junit_test01_junit5] INFO  o.eclipse.m2e.core.internal.Bundles - 	Entry: C:\Users\hgarn\.p2\pool\plugins\org.eclipse.m2e.maven.runtime_3.9.500.20231113-2345\jars\aopalliance-1.0.jar
2024-04-17 21:12:16,882 [Worker-43: Launching Executing test in C__Users_hgarn_Documents_desarrollo_java_java-dignitae_TEMA_08_Testing_Junit_test01_junit5] INFO  o.eclipse.m2e.core.internal.Bundles - 	Entry: C:\Users\hgarn\.p2\pool\plugins\org.eclipse.m2e.maven.runtime_3.9.500.20231113-2345\jars\guice-5.1.0.jar
2024-04-17 21:12:16,882 [Worker-43: Launching Executing test in C__Users_hgarn_Documents_desarrollo_java_java-dignitae_TEMA_08_Testing_Junit_test01_junit5] INFO  o.eclipse.m2e.core.internal.Bundles - 	Entry: C:\Users\hgarn\.p2\pool\plugins\org.eclipse.m2e.maven.runtime_3.9.500.20231113-2345\jars\httpclient-4.5.14.jar
2024-04-17 21:12:16,883 [Worker-43: Launching Executing test in C__Users_hgarn_Documents_desarrollo_java_java-dignitae_TEMA_08_Testing_Junit_test01_junit5] INFO  o.eclipse.m2e.core.internal.Bundles - 	Entry: C:\Users\hgarn\.p2\pool\plugins\org.eclipse.m2e.maven.runtime_3.9.500.20231113-2345\jars\httpcore-4.4.16.jar
2024-04-17 21:12:16,883 [Worker-43: Launching Executing test in C__Users_hgarn_Documents_desarrollo_java_java-dignitae_TEMA_08_Testing_Junit_test01_junit5] INFO  o.eclipse.m2e.core.internal.Bundles - 	Entry: C:\Users\hgarn\.p2\pool\plugins\org.eclipse.m2e.maven.runtime_3.9.500.20231113-2345\jars\jansi-2.4.0.jar
2024-04-17 21:12:16,883 [Worker-43: Launching Executing test in C__Users_hgarn_Documents_desarrollo_java_java-dignitae_TEMA_08_Testing_Junit_test01_junit5] INFO  o.eclipse.m2e.core.internal.Bundles - 	Entry: C:\Users\hgarn\.p2\pool\plugins\org.eclipse.m2e.maven.runtime_3.9.500.20231113-2345\jars\jcl-over-slf4j-1.7.36.jar
2024-04-17 21:12:16,883 [Worker-43: Launching Executing test in C__Users_hgarn_Documents_desarrollo_java_java-dignitae_TEMA_08_Testing_Junit_test01_junit5] INFO  o.eclipse.m2e.core.internal.Bundles - 	Entry: C:\Users\hgarn\.p2\pool\plugins\org.eclipse.m2e.maven.runtime_3.9.500.20231113-2345\jars\maven-artifact-3.9.5.jar
2024-04-17 21:12:16,883 [Worker-43: Launching Executing test in C__Users_hgarn_Documents_desarrollo_java_java-dignitae_TEMA_08_Testing_Junit_test01_junit5] INFO  o.eclipse.m2e.core.internal.Bundles - 	Entry: C:\Users\hgarn\.p2\pool\plugins\org.eclipse.m2e.maven.runtime_3.9.500.20231113-2345\jars\maven-builder-support-3.9.5.jar
2024-04-17 21:12:16,884 [Worker-43: Launching Executing test in C__Users_hgarn_Documents_desarrollo_java_java-dignitae_TEMA_08_Testing_Junit_test01_junit5] INFO  o.eclipse.m2e.core.internal.Bundles - 	Entry: C:\Users\hgarn\.p2\pool\plugins\org.eclipse.m2e.maven.runtime_3.9.500.20231113-2345\jars\maven-compat-3.9.5.jar
2024-04-17 21:12:16,884 [Worker-43: Launching Executing test in C__Users_hgarn_Documents_desarrollo_java_java-dignitae_TEMA_08_Testing_Junit_test01_junit5] INFO  o.eclipse.m2e.core.internal.Bundles - 	Entry: C:\Users\hgarn\.p2\pool\plugins\org.eclipse.m2e.maven.runtime_3.9.500.20231113-2345\jars\maven-core-3.9.5.jar
2024-04-17 21:12:16,884 [Worker-43: Launching Executing test in C__Users_hgarn_Documents_desarrollo_java_java-dignitae_TEMA_08_Testing_Junit_test01_junit5] INFO  o.eclipse.m2e.core.internal.Bundles - 	Entry: C:\Users\hgarn\.p2\pool\plugins\org.eclipse.m2e.maven.runtime_3.9.500.20231113-2345\jars\maven-embedder-3.9.5.jar
2024-04-17 21:12:16,885 [Worker-43: Launching Executing test in C__Users_hgarn_Documents_desarrollo_java_java-dignitae_TEMA_08_Testing_Junit_test01_junit5] INFO  o.eclipse.m2e.core.internal.Bundles - 	Entry: C:\Users\hgarn\.p2\pool\plugins\org.eclipse.m2e.maven.runtime_3.9.500.20231113-2345\jars\maven-model-3.9.5.jar
2024-04-17 21:12:16,886 [Worker-43: Launching Executing test in C__Users_hgarn_Documents_desarrollo_java_java-dignitae_TEMA_08_Testing_Junit_test01_junit5] INFO  o.eclipse.m2e.core.internal.Bundles - 	Entry: C:\Users\hgarn\.p2\pool\plugins\org.eclipse.m2e.maven.runtime_3.9.500.20231113-2345\jars\maven-model-builder-3.9.5.jar
2024-04-17 21:12:16,886 [Worker-43: Launching Executing test in C__Users_hgarn_Documents_desarrollo_java_java-dignitae_TEMA_08_Testing_Junit_test01_junit5] INFO  o.eclipse.m2e.core.internal.Bundles - 	Entry: C:\Users\hgarn\.p2\pool\plugins\org.eclipse.m2e.maven.runtime_3.9.500.20231113-2345\jars\maven-plugin-api-3.9.5.jar
2024-04-17 21:12:16,887 [Worker-43: Launching Executing test in C__Users_hgarn_Documents_desarrollo_java_java-dignitae_TEMA_08_Testing_Junit_test01_junit5] INFO  o.eclipse.m2e.core.internal.Bundles - 	Entry: C:\Users\hgarn\.p2\pool\plugins\org.eclipse.m2e.maven.runtime_3.9.500.20231113-2345\jars\maven-repository-metadata-3.9.5.jar
2024-04-17 21:12:16,888 [Worker-43: Launching Executing test in C__Users_hgarn_Documents_desarrollo_java_java-dignitae_TEMA_08_Testing_Junit_test01_junit5] INFO  o.eclipse.m2e.core.internal.Bundles - 	Entry: C:\Users\hgarn\.p2\pool\plugins\org.eclipse.m2e.maven.runtime_3.9.500.20231113-2345\jars\maven-resolver-api-1.9.16.jar
2024-04-17 21:12:16,888 [Worker-43: Launching Executing test in C__Users_hgarn_Documents_desarrollo_java_java-dignitae_TEMA_08_Testing_Junit_test01_junit5] INFO  o.eclipse.m2e.core.internal.Bundles - 	Entry: C:\Users\hgarn\.p2\pool\plugins\org.eclipse.m2e.maven.runtime_3.9.500.20231113-2345\jars\maven-resolver-connector-basic-1.9.16.jar
2024-04-17 21:12:16,888 [Worker-43: Launching Executing test in C__Users_hgarn_Documents_desarrollo_java_java-dignitae_TEMA_08_Testing_Junit_test01_junit5] INFO  o.eclipse.m2e.core.internal.Bundles - 	Entry: C:\Users\hgarn\.p2\pool\plugins\org.eclipse.m2e.maven.runtime_3.9.500.20231113-2345\jars\maven-resolver-impl-1.9.16.jar
2024-04-17 21:12:16,888 [Worker-43: Launching Executing test in C__Users_hgarn_Documents_desarrollo_java_java-dignitae_TEMA_08_Testing_Junit_test01_junit5] INFO  o.eclipse.m2e.core.internal.Bundles - 	Entry: C:\Users\hgarn\.p2\pool\plugins\org.eclipse.m2e.maven.runtime_3.9.500.20231113-2345\jars\maven-resolver-named-locks-1.9.16.jar
2024-04-17 21:12:16,889 [Worker-43: Launching Executing test in C__Users_hgarn_Documents_desarrollo_java_java-dignitae_TEMA_08_Testing_Junit_test01_junit5] INFO  o.eclipse.m2e.core.internal.Bundles - 	Entry: C:\Users\hgarn\.p2\pool\plugins\org.eclipse.m2e.maven.runtime_3.9.500.20231113-2345\jars\maven-resolver-provider-3.9.5.jar
2024-04-17 21:12:16,889 [Worker-43: Launching Executing test in C__Users_hgarn_Documents_desarrollo_java_java-dignitae_TEMA_08_Testing_Junit_test01_junit5] INFO  o.eclipse.m2e.core.internal.Bundles - 	Entry: C:\Users\hgarn\.p2\pool\plugins\org.eclipse.m2e.maven.runtime_3.9.500.20231113-2345\jars\maven-resolver-spi-1.9.16.jar
2024-04-17 21:12:16,890 [Worker-43: Launching Executing test in C__Users_hgarn_Documents_desarrollo_java_java-dignitae_TEMA_08_Testing_Junit_test01_junit5] INFO  o.eclipse.m2e.core.internal.Bundles - 	Entry: C:\Users\hgarn\.p2\pool\plugins\org.eclipse.m2e.maven.runtime_3.9.500.20231113-2345\jars\maven-resolver-transport-file-1.9.16.jar
2024-04-17 21:12:16,890 [Worker-43: Launching Executing test in C__Users_hgarn_Documents_desarrollo_java_java-dignitae_TEMA_08_Testing_Junit_test01_junit5] INFO  o.eclipse.m2e.core.internal.Bundles - 	Entry: C:\Users\hgarn\.p2\pool\plugins\org.eclipse.m2e.maven.runtime_3.9.500.20231113-2345\jars\maven-resolver-transport-http-1.9.16.jar
2024-04-17 21:12:16,890 [Worker-43: Launching Executing test in C__Users_hgarn_Documents_desarrollo_java_java-dignitae_TEMA_08_Testing_Junit_test01_junit5] INFO  o.eclipse.m2e.core.internal.Bundles - 	Entry: C:\Users\hgarn\.p2\pool\plugins\org.eclipse.m2e.maven.runtime_3.9.500.20231113-2345\jars\maven-resolver-transport-wagon-1.9.16.jar
2024-04-17 21:12:16,890 [Worker-43: Launching Executing test in C__Users_hgarn_Documents_desarrollo_java_java-dignitae_TEMA_08_Testing_Junit_test01_junit5] INFO  o.eclipse.m2e.core.internal.Bundles - 	Entry: C:\Users\hgarn\.p2\pool\plugins\org.eclipse.m2e.maven.runtime_3.9.500.20231113-2345\jars\maven-resolver-util-1.9.16.jar
2024-04-17 21:12:16,891 [Worker-43: Launching Executing test in C__Users_hgarn_Documents_desarrollo_java_java-dignitae_TEMA_08_Testing_Junit_test01_junit5] INFO  o.eclipse.m2e.core.internal.Bundles - 	Entry: C:\Users\hgarn\.p2\pool\plugins\org.eclipse.m2e.maven.runtime_3.9.500.20231113-2345\jars\maven-settings-3.9.5.jar
2024-04-17 21:12:16,891 [Worker-43: Launching Executing test in C__Users_hgarn_Documents_desarrollo_java_java-dignitae_TEMA_08_Testing_Junit_test01_junit5] INFO  o.eclipse.m2e.core.internal.Bundles - 	Entry: C:\Users\hgarn\.p2\pool\plugins\org.eclipse.m2e.maven.runtime_3.9.500.20231113-2345\jars\maven-settings-builder-3.9.5.jar
2024-04-17 21:12:16,891 [Worker-43: Launching Executing test in C__Users_hgarn_Documents_desarrollo_java_java-dignitae_TEMA_08_Testing_Junit_test01_junit5] INFO  o.eclipse.m2e.core.internal.Bundles - 	Entry: C:\Users\hgarn\.p2\pool\plugins\org.eclipse.m2e.maven.runtime_3.9.500.20231113-2345\jars\maven-shared-utils-3.3.4.jar
2024-04-17 21:12:16,892 [Worker-43: Launching Executing test in C__Users_hgarn_Documents_desarrollo_java_java-dignitae_TEMA_08_Testing_Junit_test01_junit5] INFO  o.eclipse.m2e.core.internal.Bundles - 	Entry: C:\Users\hgarn\.p2\pool\plugins\org.eclipse.m2e.maven.runtime_3.9.500.20231113-2345\jars\org.eclipse.sisu.inject-0.3.5.jar
2024-04-17 21:12:16,892 [Worker-43: Launching Executing test in C__Users_hgarn_Documents_desarrollo_java_java-dignitae_TEMA_08_Testing_Junit_test01_junit5] INFO  o.eclipse.m2e.core.internal.Bundles - 	Entry: C:\Users\hgarn\.p2\pool\plugins\org.eclipse.m2e.maven.runtime_3.9.500.20231113-2345\jars\org.eclipse.sisu.plexus-0.3.5.jar
2024-04-17 21:12:16,892 [Worker-43: Launching Executing test in C__Users_hgarn_Documents_desarrollo_java_java-dignitae_TEMA_08_Testing_Junit_test01_junit5] INFO  o.eclipse.m2e.core.internal.Bundles - 	Entry: C:\Users\hgarn\.p2\pool\plugins\org.eclipse.m2e.maven.runtime_3.9.500.20231113-2345\jars\plexus-build-api-0.0.7.jar
2024-04-17 21:12:16,892 [Worker-43: Launching Executing test in C__Users_hgarn_Documents_desarrollo_java_java-dignitae_TEMA_08_Testing_Junit_test01_junit5] INFO  o.eclipse.m2e.core.internal.Bundles - 	Entry: C:\Users\hgarn\.p2\pool\plugins\org.eclipse.m2e.maven.runtime_3.9.500.20231113-2345\jars\plexus-cipher-2.0.jar
2024-04-17 21:12:16,893 [Worker-43: Launching Executing test in C__Users_hgarn_Documents_desarrollo_java_java-dignitae_TEMA_08_Testing_Junit_test01_junit5] INFO  o.eclipse.m2e.core.internal.Bundles - 	Entry: C:\Users\hgarn\.p2\pool\plugins\org.eclipse.m2e.maven.runtime_3.9.500.20231113-2345\jars\plexus-classworlds-2.7.0.jar
2024-04-17 21:12:16,894 [Worker-43: Launching Executing test in C__Users_hgarn_Documents_desarrollo_java_java-dignitae_TEMA_08_Testing_Junit_test01_junit5] INFO  o.eclipse.m2e.core.internal.Bundles - 	Entry: C:\Users\hgarn\.p2\pool\plugins\org.eclipse.m2e.maven.runtime_3.9.500.20231113-2345\jars\plexus-component-annotations-2.1.0.jar
2024-04-17 21:12:16,894 [Worker-43: Launching Executing test in C__Users_hgarn_Documents_desarrollo_java_java-dignitae_TEMA_08_Testing_Junit_test01_junit5] INFO  o.eclipse.m2e.core.internal.Bundles - 	Entry: C:\Users\hgarn\.p2\pool\plugins\org.eclipse.m2e.maven.runtime_3.9.500.20231113-2345\jars\plexus-interpolation-1.26.jar
2024-04-17 21:12:16,894 [Worker-43: Launching Executing test in C__Users_hgarn_Documents_desarrollo_java_java-dignitae_TEMA_08_Testing_Junit_test01_junit5] INFO  o.eclipse.m2e.core.internal.Bundles - 	Entry: C:\Users\hgarn\.p2\pool\plugins\org.eclipse.m2e.maven.runtime_3.9.500.20231113-2345\jars\plexus-sec-dispatcher-2.0.jar
2024-04-17 21:12:16,895 [Worker-43: Launching Executing test in C__Users_hgarn_Documents_desarrollo_java_java-dignitae_TEMA_08_Testing_Junit_test01_junit5] INFO  o.eclipse.m2e.core.internal.Bundles - 	Entry: C:\Users\hgarn\.p2\pool\plugins\org.eclipse.m2e.maven.runtime_3.9.500.20231113-2345\jars\plexus-utils-3.5.1.jar
2024-04-17 21:12:16,895 [Worker-43: Launching Executing test in C__Users_hgarn_Documents_desarrollo_java_java-dignitae_TEMA_08_Testing_Junit_test01_junit5] INFO  o.eclipse.m2e.core.internal.Bundles - 	Entry: C:\Users\hgarn\.p2\pool\plugins\org.eclipse.m2e.maven.runtime_3.9.500.20231113-2345\jars\wagon-file-3.5.3.jar
2024-04-17 21:12:16,896 [Worker-43: Launching Executing test in C__Users_hgarn_Documents_desarrollo_java_java-dignitae_TEMA_08_Testing_Junit_test01_junit5] INFO  o.eclipse.m2e.core.internal.Bundles - 	Entry: C:\Users\hgarn\.p2\pool\plugins\org.eclipse.m2e.maven.runtime_3.9.500.20231113-2345\jars\wagon-http-3.5.3.jar
2024-04-17 21:12:16,896 [Worker-43: Launching Executing test in C__Users_hgarn_Documents_desarrollo_java_java-dignitae_TEMA_08_Testing_Junit_test01_junit5] INFO  o.eclipse.m2e.core.internal.Bundles - 	Entry: C:\Users\hgarn\.p2\pool\plugins\org.eclipse.m2e.maven.runtime_3.9.500.20231113-2345\jars\wagon-http-shared-3.5.3.jar
2024-04-17 21:12:16,896 [Worker-43: Launching Executing test in C__Users_hgarn_Documents_desarrollo_java_java-dignitae_TEMA_08_Testing_Junit_test01_junit5] INFO  o.eclipse.m2e.core.internal.Bundles - 	Entry: C:\Users\hgarn\.p2\pool\plugins\org.eclipse.m2e.maven.runtime_3.9.500.20231113-2345\jars\wagon-provider-api-3.5.3.jar
2024-04-17 21:12:16,896 [Worker-43: Launching Executing test in C__Users_hgarn_Documents_desarrollo_java_java-dignitae_TEMA_08_Testing_Junit_test01_junit5] INFO  o.eclipse.m2e.core.internal.Bundles - getClasspathEntries(Bundle=com.google.guava_32.1.3.jre [12])
2024-04-17 21:12:16,897 [Worker-43: Launching Executing test in C__Users_hgarn_Documents_desarrollo_java_java-dignitae_TEMA_08_Testing_Junit_test01_junit5] INFO  o.eclipse.m2e.core.internal.Bundles - 	Entry: C:\Users\hgarn\.p2\pool\plugins\com.google.guava_32.1.3.jre.jar
2024-04-17 21:12:16,897 [Worker-43: Launching Executing test in C__Users_hgarn_Documents_desarrollo_java_java-dignitae_TEMA_08_Testing_Junit_test01_junit5] INFO  o.eclipse.m2e.core.internal.Bundles - getClasspathEntries(Bundle=slf4j.api_2.0.12 [986])
2024-04-17 21:12:16,897 [Worker-43: Launching Executing test in C__Users_hgarn_Documents_desarrollo_java_java-dignitae_TEMA_08_Testing_Junit_test01_junit5] INFO  o.eclipse.m2e.core.internal.Bundles - 	Entry: C:\Users\hgarn\.p2\pool\plugins\slf4j.api_2.0.12.jar
2024-04-17 21:12:16,897 [Worker-43: Launching Executing test in C__Users_hgarn_Documents_desarrollo_java_java-dignitae_TEMA_08_Testing_Junit_test01_junit5] INFO  o.eclipse.m2e.core.internal.Bundles - getClasspathEntries(Bundle=jakarta.inject.jakarta.inject-api_1.0.5 [29])
2024-04-17 21:12:16,897 [Worker-43: Launching Executing test in C__Users_hgarn_Documents_desarrollo_java_java-dignitae_TEMA_08_Testing_Junit_test01_junit5] INFO  o.eclipse.m2e.core.internal.Bundles - 	Entry: C:\Users\hgarn\.p2\pool\plugins\jakarta.inject.jakarta.inject-api_1.0.5.jar
2024-04-17 21:12:16,897 [Worker-43: Launching Executing test in C__Users_hgarn_Documents_desarrollo_java_java-dignitae_TEMA_08_Testing_Junit_test01_junit5] INFO  o.eclipse.m2e.core.internal.Bundles - getClasspathEntries(Bundle=jakarta.annotation-api_1.3.5 [24])
2024-04-17 21:12:16,898 [Worker-43: Launching Executing test in C__Users_hgarn_Documents_desarrollo_java_java-dignitae_TEMA_08_Testing_Junit_test01_junit5] INFO  o.eclipse.m2e.core.internal.Bundles - 	Entry: C:\Users\hgarn\.p2\pool\plugins\jakarta.annotation-api_1.3.5.jar
2024-04-17 21:12:16,898 [Worker-43: Launching Executing test in C__Users_hgarn_Documents_desarrollo_java_java-dignitae_TEMA_08_Testing_Junit_test01_junit5] INFO  o.eclipse.m2e.core.internal.Bundles - getClasspathEntries(Bundle=org.apache.commons.cli_1.6.0 [71])
2024-04-17 21:12:16,899 [Worker-43: Launching Executing test in C__Users_hgarn_Documents_desarrollo_java_java-dignitae_TEMA_08_Testing_Junit_test01_junit5] INFO  o.eclipse.m2e.core.internal.Bundles - 	Entry: C:\Users\hgarn\.p2\pool\plugins\org.apache.commons.cli_1.6.0.jar
2024-04-17 21:12:16,899 [Worker-43: Launching Executing test in C__Users_hgarn_Documents_desarrollo_java_java-dignitae_TEMA_08_Testing_Junit_test01_junit5] INFO  o.eclipse.m2e.core.internal.Bundles - getClasspathEntries(Bundle=org.apache.commons.commons-codec_1.16.0 [75])
2024-04-17 21:12:16,899 [Worker-43: Launching Executing test in C__Users_hgarn_Documents_desarrollo_java_java-dignitae_TEMA_08_Testing_Junit_test01_junit5] INFO  o.eclipse.m2e.core.internal.Bundles - 	Entry: C:\Users\hgarn\.p2\pool\plugins\org.apache.commons.commons-codec_1.16.0.jar
2024-04-17 21:12:16,899 [Worker-43: Launching Executing test in C__Users_hgarn_Documents_desarrollo_java_java-dignitae_TEMA_08_Testing_Junit_test01_junit5] INFO  o.eclipse.m2e.core.internal.Bundles - getClasspathEntries(Bundle=org.apache.commons.lang3_3.14.0 [992])
2024-04-17 21:12:16,900 [Worker-43: Launching Executing test in C__Users_hgarn_Documents_desarrollo_java_java-dignitae_TEMA_08_Testing_Junit_test01_junit5] INFO  o.eclipse.m2e.core.internal.Bundles - 	Entry: C:\Users\hgarn\.p2\pool\plugins\org.apache.commons.lang3_3.14.0.jar
2024-04-17 21:12:16,900 [Worker-43: Launching Executing test in C__Users_hgarn_Documents_desarrollo_java_java-dignitae_TEMA_08_Testing_Junit_test01_junit5] INFO  o.eclipse.m2e.core.internal.Bundles - getClasspathEntries(Bundle=com.google.guava.failureaccess_1.0.2 [13])
2024-04-17 21:12:16,901 [Worker-43: Launching Executing test in C__Users_hgarn_Documents_desarrollo_java_java-dignitae_TEMA_08_Testing_Junit_test01_junit5] INFO  o.eclipse.m2e.core.internal.Bundles - 	Entry: C:\Users\hgarn\.p2\pool\plugins\com.google.guava.failureaccess_1.0.2.jar
2024-04-17 21:12:16,903 [Worker-43: Launching Executing test in C__Users_hgarn_Documents_desarrollo_java_java-dignitae_TEMA_08_Testing_Junit_test01_junit5] INFO  o.e.m.i.launch.MavenLaunchDelegate - Run build in "C:\Users\hgarn\Documents\desarrollo\java\java-dignitae\TEMA_08_Testing_Junit\test01_junit5":
2024-04-17 21:12:16,903 [Worker-43: Launching Executing test in C__Users_hgarn_Documents_desarrollo_java_java-dignitae_TEMA_08_Testing_Junit_test01_junit5] INFO  o.e.m.i.launch.MavenLaunchDelegate -  mvn  -B -Dstyle.color=always test
2024-04-17 21:13:04,601 [Worker-44: Building] WARN  o.a.m.s.f.DefaultMavenResourcesFiltering - Using platform encoding (UTF-8 actually) to copy filtered resources, i.e. build is platform dependent!
2024-04-17 21:13:04,604 [Worker-44: Building] INFO  o.a.m.s.f.DefaultMavenResourcesFiltering - Copying 0 resource from src\main\resources to target\classes
2024-04-17 21:13:04,607 [Worker-44: Building] WARN  o.a.m.s.f.DefaultMavenResourcesFiltering - Using platform encoding (UTF-8 actually) to copy filtered resources, i.e. build is platform dependent!
2024-04-17 21:13:04,609 [Worker-44: Building] INFO  o.a.m.s.f.DefaultMavenResourcesFiltering - Copying 0 resource from src\test\resources to target\test-classes
2024-04-17 21:14:03,505 [Worker-43: Building] WARN  o.a.m.s.f.DefaultMavenResourcesFiltering - Using platform encoding (UTF-8 actually) to copy filtered resources, i.e. build is platform dependent!
2024-04-17 21:14:03,508 [Worker-43: Building] INFO  o.a.m.s.f.DefaultMavenResourcesFiltering - Copying 0 resource from src\main\resources to target\classes
2024-04-17 21:14:03,512 [Worker-43: Building] WARN  o.a.m.s.f.DefaultMavenResourcesFiltering - Using platform encoding (UTF-8 actually) to copy filtered resources, i.e. build is platform dependent!
2024-04-17 21:14:03,515 [Worker-43: Building] INFO  o.a.m.s.f.DefaultMavenResourcesFiltering - Copying 0 resource from src\test\resources to target\test-classes
2024-04-17 21:25:53,085 [Worker-46: Building] WARN  o.a.m.s.f.DefaultMavenResourcesFiltering - Using platform encoding (UTF-8 actually) to copy filtered resources, i.e. build is platform dependent!
2024-04-17 21:25:53,091 [Worker-46: Building] INFO  o.a.m.s.f.DefaultMavenResourcesFiltering - Copying 0 resource from src\main\resources to target\classes
2024-04-17 21:25:53,097 [Worker-46: Building] WARN  o.a.m.s.f.DefaultMavenResourcesFiltering - Using platform encoding (UTF-8 actually) to copy filtered resources, i.e. build is platform dependent!
2024-04-17 21:25:53,101 [Worker-46: Building] INFO  o.a.m.s.f.DefaultMavenResourcesFiltering - Copying 0 resource from src\test\resources to target\test-classes
2024-04-18 18:30:06,857 [Worker-52: Creating project "ejemplo_cadena_test"] INFO  o.e.m.c.i.l.LifecycleMappingFactory - Using org.eclipse.m2e.jdt.JarLifecycleMapping lifecycle mapping for MavenProject: com.dignitae:ejemplo_cadena_test:1.0 @ C:\Users\hgarn\Documents\desarrollo\java\java-dignitae-24\ejemplo_cadena_test\pom.xml.
2024-04-18 18:30:07,843 [Worker-52: Creating project "ejemplo_cadena_test"] INFO  o.e.m.j.i.AbstractJavaProjectConfigurator - Adding source folder /ejemplo_cadena_test/src/main/java
2024-04-18 18:30:07,843 [Worker-52: Creating project "ejemplo_cadena_test"] INFO  o.e.m.j.i.AbstractJavaProjectConfigurator - Adding resource folder /ejemplo_cadena_test/src/main/resources
2024-04-18 18:30:07,844 [Worker-52: Creating project "ejemplo_cadena_test"] INFO  o.e.m.j.i.AbstractJavaProjectConfigurator - Adding source folder /ejemplo_cadena_test/src/test/java
2024-04-18 18:30:07,844 [Worker-52: Creating project "ejemplo_cadena_test"] INFO  o.e.m.j.i.AbstractJavaProjectConfigurator - Adding resource folder /ejemplo_cadena_test/src/test/resources
2024-04-18 18:30:08,298 [Worker-55: Building] WARN  o.a.m.s.f.DefaultMavenResourcesFiltering - Using platform encoding (UTF-8 actually) to copy filtered resources, i.e. build is platform dependent!
2024-04-18 18:30:08,301 [Worker-55: Building] INFO  o.a.m.s.f.DefaultMavenResourcesFiltering - Copying 0 resource from src\main\resources to target\classes
2024-04-18 18:30:08,307 [Worker-55: Building] WARN  o.a.m.s.f.DefaultMavenResourcesFiltering - Using platform encoding (UTF-8 actually) to copy filtered resources, i.e. build is platform dependent!
2024-04-18 18:30:08,310 [Worker-55: Building] INFO  o.a.m.s.f.DefaultMavenResourcesFiltering - Copying 0 resource from src\test\resources to target\test-classes
2024-04-18 18:30:45,337 [Worker-56: Building] WARN  o.a.m.s.f.DefaultMavenResourcesFiltering - Using platform encoding (UTF-8 actually) to copy filtered resources, i.e. build is platform dependent!
2024-04-18 18:30:45,339 [Worker-56: Building] INFO  o.a.m.s.f.DefaultMavenResourcesFiltering - Copying 0 resource from src\main\resources to target\classes
2024-04-18 18:30:45,343 [Worker-56: Building] WARN  o.a.m.s.f.DefaultMavenResourcesFiltering - Using platform encoding (UTF-8 actually) to copy filtered resources, i.e. build is platform dependent!
2024-04-18 18:30:45,347 [Worker-56: Building] INFO  o.a.m.s.f.DefaultMavenResourcesFiltering - Copying 0 resource from src\test\resources to target\test-classes
2024-04-18 18:32:45,837 [Worker-58: Building] WARN  o.a.m.s.f.DefaultMavenResourcesFiltering - Using platform encoding (UTF-8 actually) to copy filtered resources, i.e. build is platform dependent!
2024-04-18 18:32:45,838 [Worker-58: Building] INFO  o.a.m.s.f.DefaultMavenResourcesFiltering - Copying 0 resource from src\main\resources to target\classes
2024-04-18 18:32:45,840 [Worker-58: Building] WARN  o.a.m.s.f.DefaultMavenResourcesFiltering - Using platform encoding (UTF-8 actually) to copy filtered resources, i.e. build is platform dependent!
2024-04-18 18:32:45,841 [Worker-58: Building] INFO  o.a.m.s.f.DefaultMavenResourcesFiltering - Copying 0 resource from src\test\resources to target\test-classes
2024-04-18 18:33:47,604 [Worker-57: Building] INFO  o.e.m.c.i.l.LifecycleMappingFactory - Using org.eclipse.m2e.jdt.JarLifecycleMapping lifecycle mapping for MavenProject: com.dignitae:ejemplo_cadena_test:1.0 @ C:\Users\hgarn\Documents\desarrollo\java\java-dignitae-24\ejemplo_cadena_test\pom.xml.
2024-04-18 18:33:47,730 [Worker-57: Building] WARN  o.a.m.s.f.DefaultMavenResourcesFiltering - Using platform encoding (UTF-8 actually) to copy filtered resources, i.e. build is platform dependent!
2024-04-18 18:33:47,732 [Worker-57: Building] INFO  o.a.m.s.f.DefaultMavenResourcesFiltering - Copying 0 resource from src\main\resources to target\classes
2024-04-18 18:33:47,733 [Worker-57: Building] WARN  o.a.m.s.f.DefaultMavenResourcesFiltering - Using platform encoding (UTF-8 actually) to copy filtered resources, i.e. build is platform dependent!
2024-04-18 18:33:47,736 [Worker-57: Building] INFO  o.a.m.s.f.DefaultMavenResourcesFiltering - Copying 0 resource from src\test\resources to target\test-classes
2024-04-18 18:35:02,889 [Worker-56: Building] WARN  o.a.m.s.f.DefaultMavenResourcesFiltering - Using platform encoding (UTF-8 actually) to copy filtered resources, i.e. build is platform dependent!
2024-04-18 18:35:02,892 [Worker-56: Building] INFO  o.a.m.s.f.DefaultMavenResourcesFiltering - Copying 0 resource from src\main\resources to target\classes
2024-04-18 18:35:02,894 [Worker-56: Building] WARN  o.a.m.s.f.DefaultMavenResourcesFiltering - Using platform encoding (UTF-8 actually) to copy filtered resources, i.e. build is platform dependent!
2024-04-18 18:35:02,896 [Worker-56: Building] INFO  o.a.m.s.f.DefaultMavenResourcesFiltering - Copying 0 resource from src\test\resources to target\test-classes
2024-04-18 18:41:51,488 [Worker-61: Building] WARN  o.a.m.s.f.DefaultMavenResourcesFiltering - Using platform encoding (UTF-8 actually) to copy filtered resources, i.e. build is platform dependent!
2024-04-18 18:41:51,490 [Worker-61: Building] INFO  o.a.m.s.f.DefaultMavenResourcesFiltering - Copying 0 resource from src\main\resources to target\classes
2024-04-18 18:41:51,493 [Worker-61: Building] WARN  o.a.m.s.f.DefaultMavenResourcesFiltering - Using platform encoding (UTF-8 actually) to copy filtered resources, i.e. build is platform dependent!
2024-04-18 18:41:51,495 [Worker-61: Building] INFO  o.a.m.s.f.DefaultMavenResourcesFiltering - Copying 0 resource from src\test\resources to target\test-classes
2024-04-18 18:45:38,183 [Worker-53: Building] WARN  o.a.m.s.f.DefaultMavenResourcesFiltering - Using platform encoding (UTF-8 actually) to copy filtered resources, i.e. build is platform dependent!
2024-04-18 18:45:38,185 [Worker-53: Building] INFO  o.a.m.s.f.DefaultMavenResourcesFiltering - Copying 0 resource from src\main\resources to target\classes
2024-04-18 18:45:38,186 [Worker-53: Building] WARN  o.a.m.s.f.DefaultMavenResourcesFiltering - Using platform encoding (UTF-8 actually) to copy filtered resources, i.e. build is platform dependent!
2024-04-18 18:45:38,189 [Worker-53: Building] INFO  o.a.m.s.f.DefaultMavenResourcesFiltering - Copying 0 resource from src\test\resources to target\test-classes
2024-04-18 18:45:43,400 [Worker-60: Building] WARN  o.a.m.s.f.DefaultMavenResourcesFiltering - Using platform encoding (UTF-8 actually) to copy filtered resources, i.e. build is platform dependent!
2024-04-18 18:45:43,402 [Worker-60: Building] INFO  o.a.m.s.f.DefaultMavenResourcesFiltering - Copying 0 resource from src\main\resources to target\classes
2024-04-18 18:45:43,405 [Worker-60: Building] WARN  o.a.m.s.f.DefaultMavenResourcesFiltering - Using platform encoding (UTF-8 actually) to copy filtered resources, i.e. build is platform dependent!
2024-04-18 18:45:43,407 [Worker-60: Building] INFO  o.a.m.s.f.DefaultMavenResourcesFiltering - Copying 0 resource from src\test\resources to target\test-classes
2024-04-18 18:47:59,184 [Worker-61: Building] WARN  o.a.m.s.f.DefaultMavenResourcesFiltering - Using platform encoding (UTF-8 actually) to copy filtered resources, i.e. build is platform dependent!
2024-04-18 18:47:59,185 [Worker-61: Building] INFO  o.a.m.s.f.DefaultMavenResourcesFiltering - Copying 0 resource from src\main\resources to target\classes
2024-04-18 18:47:59,187 [Worker-61: Building] WARN  o.a.m.s.f.DefaultMavenResourcesFiltering - Using platform encoding (UTF-8 actually) to copy filtered resources, i.e. build is platform dependent!
2024-04-18 18:47:59,188 [Worker-61: Building] INFO  o.a.m.s.f.DefaultMavenResourcesFiltering - Copying 0 resource from src\test\resources to target\test-classes
2024-04-18 18:48:04,585 [Worker-64: Building] WARN  o.a.m.s.f.DefaultMavenResourcesFiltering - Using platform encoding (UTF-8 actually) to copy filtered resources, i.e. build is platform dependent!
2024-04-18 18:48:04,586 [Worker-64: Building] INFO  o.a.m.s.f.DefaultMavenResourcesFiltering - Copying 0 resource from src\main\resources to target\classes
2024-04-18 18:48:04,588 [Worker-64: Building] WARN  o.a.m.s.f.DefaultMavenResourcesFiltering - Using platform encoding (UTF-8 actually) to copy filtered resources, i.e. build is platform dependent!
2024-04-18 18:48:04,589 [Worker-64: Building] INFO  o.a.m.s.f.DefaultMavenResourcesFiltering - Copying 0 resource from src\test\resources to target\test-classes
2024-04-18 18:48:43,190 [Worker-61: Building] WARN  o.a.m.s.f.DefaultMavenResourcesFiltering - Using platform encoding (UTF-8 actually) to copy filtered resources, i.e. build is platform dependent!
2024-04-18 18:48:43,192 [Worker-61: Building] INFO  o.a.m.s.f.DefaultMavenResourcesFiltering - Copying 0 resource from src\main\resources to target\classes
2024-04-18 18:48:43,194 [Worker-61: Building] WARN  o.a.m.s.f.DefaultMavenResourcesFiltering - Using platform encoding (UTF-8 actually) to copy filtered resources, i.e. build is platform dependent!
2024-04-18 18:48:43,195 [Worker-61: Building] INFO  o.a.m.s.f.DefaultMavenResourcesFiltering - Copying 0 resource from src\test\resources to target\test-classes
2024-04-18 18:49:45,244 [Worker-60: Launching Executing test in C__Users_hgarn_Documents_desarrollo_java_java-dignitae-24_ejemplo_cadena_test] INFO  o.eclipse.m2e.core.internal.Bundles - getClasspathEntries(Bundle=org.eclipse.m2e.maven.runtime_3.9.500.20231113-2345 [626])
2024-04-18 18:49:45,245 [Worker-60: Launching Executing test in C__Users_hgarn_Documents_desarrollo_java_java-dignitae-24_ejemplo_cadena_test] INFO  o.eclipse.m2e.core.internal.Bundles - 	Entry: C:\Users\hgarn\.p2\pool\plugins\org.eclipse.m2e.maven.runtime_3.9.500.20231113-2345
2024-04-18 18:49:45,246 [Worker-60: Launching Executing test in C__Users_hgarn_Documents_desarrollo_java_java-dignitae-24_ejemplo_cadena_test] INFO  o.eclipse.m2e.core.internal.Bundles - 	Entry: C:\Users\hgarn\.p2\pool\plugins\org.eclipse.m2e.maven.runtime_3.9.500.20231113-2345\jars\aopalliance-1.0.jar
2024-04-18 18:49:45,247 [Worker-60: Launching Executing test in C__Users_hgarn_Documents_desarrollo_java_java-dignitae-24_ejemplo_cadena_test] INFO  o.eclipse.m2e.core.internal.Bundles - 	Entry: C:\Users\hgarn\.p2\pool\plugins\org.eclipse.m2e.maven.runtime_3.9.500.20231113-2345\jars\guice-5.1.0.jar
2024-04-18 18:49:45,247 [Worker-60: Launching Executing test in C__Users_hgarn_Documents_desarrollo_java_java-dignitae-24_ejemplo_cadena_test] INFO  o.eclipse.m2e.core.internal.Bundles - 	Entry: C:\Users\hgarn\.p2\pool\plugins\org.eclipse.m2e.maven.runtime_3.9.500.20231113-2345\jars\httpclient-4.5.14.jar
2024-04-18 18:49:45,247 [Worker-60: Launching Executing test in C__Users_hgarn_Documents_desarrollo_java_java-dignitae-24_ejemplo_cadena_test] INFO  o.eclipse.m2e.core.internal.Bundles - 	Entry: C:\Users\hgarn\.p2\pool\plugins\org.eclipse.m2e.maven.runtime_3.9.500.20231113-2345\jars\httpcore-4.4.16.jar
2024-04-18 18:49:45,247 [Worker-60: Launching Executing test in C__Users_hgarn_Documents_desarrollo_java_java-dignitae-24_ejemplo_cadena_test] INFO  o.eclipse.m2e.core.internal.Bundles - 	Entry: C:\Users\hgarn\.p2\pool\plugins\org.eclipse.m2e.maven.runtime_3.9.500.20231113-2345\jars\jansi-2.4.0.jar
2024-04-18 18:49:45,248 [Worker-60: Launching Executing test in C__Users_hgarn_Documents_desarrollo_java_java-dignitae-24_ejemplo_cadena_test] INFO  o.eclipse.m2e.core.internal.Bundles - 	Entry: C:\Users\hgarn\.p2\pool\plugins\org.eclipse.m2e.maven.runtime_3.9.500.20231113-2345\jars\jcl-over-slf4j-1.7.36.jar
2024-04-18 18:49:45,248 [Worker-60: Launching Executing test in C__Users_hgarn_Documents_desarrollo_java_java-dignitae-24_ejemplo_cadena_test] INFO  o.eclipse.m2e.core.internal.Bundles - 	Entry: C:\Users\hgarn\.p2\pool\plugins\org.eclipse.m2e.maven.runtime_3.9.500.20231113-2345\jars\maven-artifact-3.9.5.jar
2024-04-18 18:49:45,249 [Worker-60: Launching Executing test in C__Users_hgarn_Documents_desarrollo_java_java-dignitae-24_ejemplo_cadena_test] INFO  o.eclipse.m2e.core.internal.Bundles - 	Entry: C:\Users\hgarn\.p2\pool\plugins\org.eclipse.m2e.maven.runtime_3.9.500.20231113-2345\jars\maven-builder-support-3.9.5.jar
2024-04-18 18:49:45,249 [Worker-60: Launching Executing test in C__Users_hgarn_Documents_desarrollo_java_java-dignitae-24_ejemplo_cadena_test] INFO  o.eclipse.m2e.core.internal.Bundles - 	Entry: C:\Users\hgarn\.p2\pool\plugins\org.eclipse.m2e.maven.runtime_3.9.500.20231113-2345\jars\maven-compat-3.9.5.jar
2024-04-18 18:49:45,249 [Worker-60: Launching Executing test in C__Users_hgarn_Documents_desarrollo_java_java-dignitae-24_ejemplo_cadena_test] INFO  o.eclipse.m2e.core.internal.Bundles - 	Entry: C:\Users\hgarn\.p2\pool\plugins\org.eclipse.m2e.maven.runtime_3.9.500.20231113-2345\jars\maven-core-3.9.5.jar
2024-04-18 18:49:45,249 [Worker-60: Launching Executing test in C__Users_hgarn_Documents_desarrollo_java_java-dignitae-24_ejemplo_cadena_test] INFO  o.eclipse.m2e.core.internal.Bundles - 	Entry: C:\Users\hgarn\.p2\pool\plugins\org.eclipse.m2e.maven.runtime_3.9.500.20231113-2345\jars\maven-embedder-3.9.5.jar
2024-04-18 18:49:45,249 [Worker-60: Launching Executing test in C__Users_hgarn_Documents_desarrollo_java_java-dignitae-24_ejemplo_cadena_test] INFO  o.eclipse.m2e.core.internal.Bundles - 	Entry: C:\Users\hgarn\.p2\pool\plugins\org.eclipse.m2e.maven.runtime_3.9.500.20231113-2345\jars\maven-model-3.9.5.jar
2024-04-18 18:49:45,249 [Worker-60: Launching Executing test in C__Users_hgarn_Documents_desarrollo_java_java-dignitae-24_ejemplo_cadena_test] INFO  o.eclipse.m2e.core.internal.Bundles - 	Entry: C:\Users\hgarn\.p2\pool\plugins\org.eclipse.m2e.maven.runtime_3.9.500.20231113-2345\jars\maven-model-builder-3.9.5.jar
2024-04-18 18:49:45,250 [Worker-60: Launching Executing test in C__Users_hgarn_Documents_desarrollo_java_java-dignitae-24_ejemplo_cadena_test] INFO  o.eclipse.m2e.core.internal.Bundles - 	Entry: C:\Users\hgarn\.p2\pool\plugins\org.eclipse.m2e.maven.runtime_3.9.500.20231113-2345\jars\maven-plugin-api-3.9.5.jar
2024-04-18 18:49:45,250 [Worker-60: Launching Executing test in C__Users_hgarn_Documents_desarrollo_java_java-dignitae-24_ejemplo_cadena_test] INFO  o.eclipse.m2e.core.internal.Bundles - 	Entry: C:\Users\hgarn\.p2\pool\plugins\org.eclipse.m2e.maven.runtime_3.9.500.20231113-2345\jars\maven-repository-metadata-3.9.5.jar
2024-04-18 18:49:45,250 [Worker-60: Launching Executing test in C__Users_hgarn_Documents_desarrollo_java_java-dignitae-24_ejemplo_cadena_test] INFO  o.eclipse.m2e.core.internal.Bundles - 	Entry: C:\Users\hgarn\.p2\pool\plugins\org.eclipse.m2e.maven.runtime_3.9.500.20231113-2345\jars\maven-resolver-api-1.9.16.jar
2024-04-18 18:49:45,250 [Worker-60: Launching Executing test in C__Users_hgarn_Documents_desarrollo_java_java-dignitae-24_ejemplo_cadena_test] INFO  o.eclipse.m2e.core.internal.Bundles - 	Entry: C:\Users\hgarn\.p2\pool\plugins\org.eclipse.m2e.maven.runtime_3.9.500.20231113-2345\jars\maven-resolver-connector-basic-1.9.16.jar
2024-04-18 18:49:45,250 [Worker-60: Launching Executing test in C__Users_hgarn_Documents_desarrollo_java_java-dignitae-24_ejemplo_cadena_test] INFO  o.eclipse.m2e.core.internal.Bundles - 	Entry: C:\Users\hgarn\.p2\pool\plugins\org.eclipse.m2e.maven.runtime_3.9.500.20231113-2345\jars\maven-resolver-impl-1.9.16.jar
2024-04-18 18:49:45,250 [Worker-60: Launching Executing test in C__Users_hgarn_Documents_desarrollo_java_java-dignitae-24_ejemplo_cadena_test] INFO  o.eclipse.m2e.core.internal.Bundles - 	Entry: C:\Users\hgarn\.p2\pool\plugins\org.eclipse.m2e.maven.runtime_3.9.500.20231113-2345\jars\maven-resolver-named-locks-1.9.16.jar
2024-04-18 18:49:45,250 [Worker-60: Launching Executing test in C__Users_hgarn_Documents_desarrollo_java_java-dignitae-24_ejemplo_cadena_test] INFO  o.eclipse.m2e.core.internal.Bundles - 	Entry: C:\Users\hgarn\.p2\pool\plugins\org.eclipse.m2e.maven.runtime_3.9.500.20231113-2345\jars\maven-resolver-provider-3.9.5.jar
2024-04-18 18:49:45,250 [Worker-60: Launching Executing test in C__Users_hgarn_Documents_desarrollo_java_java-dignitae-24_ejemplo_cadena_test] INFO  o.eclipse.m2e.core.internal.Bundles - 	Entry: C:\Users\hgarn\.p2\pool\plugins\org.eclipse.m2e.maven.runtime_3.9.500.20231113-2345\jars\maven-resolver-spi-1.9.16.jar
2024-04-18 18:49:45,250 [Worker-60: Launching Executing test in C__Users_hgarn_Documents_desarrollo_java_java-dignitae-24_ejemplo_cadena_test] INFO  o.eclipse.m2e.core.internal.Bundles - 	Entry: C:\Users\hgarn\.p2\pool\plugins\org.eclipse.m2e.maven.runtime_3.9.500.20231113-2345\jars\maven-resolver-transport-file-1.9.16.jar
2024-04-18 18:49:45,250 [Worker-60: Launching Executing test in C__Users_hgarn_Documents_desarrollo_java_java-dignitae-24_ejemplo_cadena_test] INFO  o.eclipse.m2e.core.internal.Bundles - 	Entry: C:\Users\hgarn\.p2\pool\plugins\org.eclipse.m2e.maven.runtime_3.9.500.20231113-2345\jars\maven-resolver-transport-http-1.9.16.jar
2024-04-18 18:49:45,250 [Worker-60: Launching Executing test in C__Users_hgarn_Documents_desarrollo_java_java-dignitae-24_ejemplo_cadena_test] INFO  o.eclipse.m2e.core.internal.Bundles - 	Entry: C:\Users\hgarn\.p2\pool\plugins\org.eclipse.m2e.maven.runtime_3.9.500.20231113-2345\jars\maven-resolver-transport-wagon-1.9.16.jar
2024-04-18 18:49:45,250 [Worker-60: Launching Executing test in C__Users_hgarn_Documents_desarrollo_java_java-dignitae-24_ejemplo_cadena_test] INFO  o.eclipse.m2e.core.internal.Bundles - 	Entry: C:\Users\hgarn\.p2\pool\plugins\org.eclipse.m2e.maven.runtime_3.9.500.20231113-2345\jars\maven-resolver-util-1.9.16.jar
2024-04-18 18:49:45,250 [Worker-60: Launching Executing test in C__Users_hgarn_Documents_desarrollo_java_java-dignitae-24_ejemplo_cadena_test] INFO  o.eclipse.m2e.core.internal.Bundles - 	Entry: C:\Users\hgarn\.p2\pool\plugins\org.eclipse.m2e.maven.runtime_3.9.500.20231113-2345\jars\maven-settings-3.9.5.jar
2024-04-18 18:49:45,251 [Worker-60: Launching Executing test in C__Users_hgarn_Documents_desarrollo_java_java-dignitae-24_ejemplo_cadena_test] INFO  o.eclipse.m2e.core.internal.Bundles - 	Entry: C:\Users\hgarn\.p2\pool\plugins\org.eclipse.m2e.maven.runtime_3.9.500.20231113-2345\jars\maven-settings-builder-3.9.5.jar
2024-04-18 18:49:45,251 [Worker-60: Launching Executing test in C__Users_hgarn_Documents_desarrollo_java_java-dignitae-24_ejemplo_cadena_test] INFO  o.eclipse.m2e.core.internal.Bundles - 	Entry: C:\Users\hgarn\.p2\pool\plugins\org.eclipse.m2e.maven.runtime_3.9.500.20231113-2345\jars\maven-shared-utils-3.3.4.jar
2024-04-18 18:49:45,251 [Worker-60: Launching Executing test in C__Users_hgarn_Documents_desarrollo_java_java-dignitae-24_ejemplo_cadena_test] INFO  o.eclipse.m2e.core.internal.Bundles - 	Entry: C:\Users\hgarn\.p2\pool\plugins\org.eclipse.m2e.maven.runtime_3.9.500.20231113-2345\jars\org.eclipse.sisu.inject-0.3.5.jar
2024-04-18 18:49:45,251 [Worker-60: Launching Executing test in C__Users_hgarn_Documents_desarrollo_java_java-dignitae-24_ejemplo_cadena_test] INFO  o.eclipse.m2e.core.internal.Bundles - 	Entry: C:\Users\hgarn\.p2\pool\plugins\org.eclipse.m2e.maven.runtime_3.9.500.20231113-2345\jars\org.eclipse.sisu.plexus-0.3.5.jar
2024-04-18 18:49:45,251 [Worker-60: Launching Executing test in C__Users_hgarn_Documents_desarrollo_java_java-dignitae-24_ejemplo_cadena_test] INFO  o.eclipse.m2e.core.internal.Bundles - 	Entry: C:\Users\hgarn\.p2\pool\plugins\org.eclipse.m2e.maven.runtime_3.9.500.20231113-2345\jars\plexus-build-api-0.0.7.jar
2024-04-18 18:49:45,251 [Worker-60: Launching Executing test in C__Users_hgarn_Documents_desarrollo_java_java-dignitae-24_ejemplo_cadena_test] INFO  o.eclipse.m2e.core.internal.Bundles - 	Entry: C:\Users\hgarn\.p2\pool\plugins\org.eclipse.m2e.maven.runtime_3.9.500.20231113-2345\jars\plexus-cipher-2.0.jar
2024-04-18 18:49:45,252 [Worker-60: Launching Executing test in C__Users_hgarn_Documents_desarrollo_java_java-dignitae-24_ejemplo_cadena_test] INFO  o.eclipse.m2e.core.internal.Bundles - 	Entry: C:\Users\hgarn\.p2\pool\plugins\org.eclipse.m2e.maven.runtime_3.9.500.20231113-2345\jars\plexus-classworlds-2.7.0.jar
2024-04-18 18:49:45,252 [Worker-60: Launching Executing test in C__Users_hgarn_Documents_desarrollo_java_java-dignitae-24_ejemplo_cadena_test] INFO  o.eclipse.m2e.core.internal.Bundles - 	Entry: C:\Users\hgarn\.p2\pool\plugins\org.eclipse.m2e.maven.runtime_3.9.500.20231113-2345\jars\plexus-component-annotations-2.1.0.jar
2024-04-18 18:49:45,252 [Worker-60: Launching Executing test in C__Users_hgarn_Documents_desarrollo_java_java-dignitae-24_ejemplo_cadena_test] INFO  o.eclipse.m2e.core.internal.Bundles - 	Entry: C:\Users\hgarn\.p2\pool\plugins\org.eclipse.m2e.maven.runtime_3.9.500.20231113-2345\jars\plexus-interpolation-1.26.jar
2024-04-18 18:49:45,253 [Worker-60: Launching Executing test in C__Users_hgarn_Documents_desarrollo_java_java-dignitae-24_ejemplo_cadena_test] INFO  o.eclipse.m2e.core.internal.Bundles - 	Entry: C:\Users\hgarn\.p2\pool\plugins\org.eclipse.m2e.maven.runtime_3.9.500.20231113-2345\jars\plexus-sec-dispatcher-2.0.jar
2024-04-18 18:49:45,253 [Worker-60: Launching Executing test in C__Users_hgarn_Documents_desarrollo_java_java-dignitae-24_ejemplo_cadena_test] INFO  o.eclipse.m2e.core.internal.Bundles - 	Entry: C:\Users\hgarn\.p2\pool\plugins\org.eclipse.m2e.maven.runtime_3.9.500.20231113-2345\jars\plexus-utils-3.5.1.jar
2024-04-18 18:49:45,253 [Worker-60: Launching Executing test in C__Users_hgarn_Documents_desarrollo_java_java-dignitae-24_ejemplo_cadena_test] INFO  o.eclipse.m2e.core.internal.Bundles - 	Entry: C:\Users\hgarn\.p2\pool\plugins\org.eclipse.m2e.maven.runtime_3.9.500.20231113-2345\jars\wagon-file-3.5.3.jar
2024-04-18 18:49:45,254 [Worker-60: Launching Executing test in C__Users_hgarn_Documents_desarrollo_java_java-dignitae-24_ejemplo_cadena_test] INFO  o.eclipse.m2e.core.internal.Bundles - 	Entry: C:\Users\hgarn\.p2\pool\plugins\org.eclipse.m2e.maven.runtime_3.9.500.20231113-2345\jars\wagon-http-3.5.3.jar
2024-04-18 18:49:45,254 [Worker-60: Launching Executing test in C__Users_hgarn_Documents_desarrollo_java_java-dignitae-24_ejemplo_cadena_test] INFO  o.eclipse.m2e.core.internal.Bundles - 	Entry: C:\Users\hgarn\.p2\pool\plugins\org.eclipse.m2e.maven.runtime_3.9.500.20231113-2345\jars\wagon-http-shared-3.5.3.jar
2024-04-18 18:49:45,254 [Worker-60: Launching Executing test in C__Users_hgarn_Documents_desarrollo_java_java-dignitae-24_ejemplo_cadena_test] INFO  o.eclipse.m2e.core.internal.Bundles - 	Entry: C:\Users\hgarn\.p2\pool\plugins\org.eclipse.m2e.maven.runtime_3.9.500.20231113-2345\jars\wagon-provider-api-3.5.3.jar
2024-04-18 18:49:45,255 [Worker-60: Launching Executing test in C__Users_hgarn_Documents_desarrollo_java_java-dignitae-24_ejemplo_cadena_test] INFO  o.eclipse.m2e.core.internal.Bundles - getClasspathEntries(Bundle=com.google.guava_32.1.3.jre [12])
2024-04-18 18:49:45,256 [Worker-60: Launching Executing test in C__Users_hgarn_Documents_desarrollo_java_java-dignitae-24_ejemplo_cadena_test] INFO  o.eclipse.m2e.core.internal.Bundles - 	Entry: C:\Users\hgarn\.p2\pool\plugins\com.google.guava_32.1.3.jre.jar
2024-04-18 18:49:45,256 [Worker-60: Launching Executing test in C__Users_hgarn_Documents_desarrollo_java_java-dignitae-24_ejemplo_cadena_test] INFO  o.eclipse.m2e.core.internal.Bundles - getClasspathEntries(Bundle=slf4j.api_2.0.12 [986])
2024-04-18 18:49:45,256 [Worker-60: Launching Executing test in C__Users_hgarn_Documents_desarrollo_java_java-dignitae-24_ejemplo_cadena_test] INFO  o.eclipse.m2e.core.internal.Bundles - 	Entry: C:\Users\hgarn\.p2\pool\plugins\slf4j.api_2.0.12.jar
2024-04-18 18:49:45,257 [Worker-60: Launching Executing test in C__Users_hgarn_Documents_desarrollo_java_java-dignitae-24_ejemplo_cadena_test] INFO  o.eclipse.m2e.core.internal.Bundles - getClasspathEntries(Bundle=jakarta.inject.jakarta.inject-api_1.0.5 [29])
2024-04-18 18:49:45,257 [Worker-60: Launching Executing test in C__Users_hgarn_Documents_desarrollo_java_java-dignitae-24_ejemplo_cadena_test] INFO  o.eclipse.m2e.core.internal.Bundles - 	Entry: C:\Users\hgarn\.p2\pool\plugins\jakarta.inject.jakarta.inject-api_1.0.5.jar
2024-04-18 18:49:45,257 [Worker-60: Launching Executing test in C__Users_hgarn_Documents_desarrollo_java_java-dignitae-24_ejemplo_cadena_test] INFO  o.eclipse.m2e.core.internal.Bundles - getClasspathEntries(Bundle=jakarta.annotation-api_1.3.5 [24])
2024-04-18 18:49:45,257 [Worker-60: Launching Executing test in C__Users_hgarn_Documents_desarrollo_java_java-dignitae-24_ejemplo_cadena_test] INFO  o.eclipse.m2e.core.internal.Bundles - 	Entry: C:\Users\hgarn\.p2\pool\plugins\jakarta.annotation-api_1.3.5.jar
2024-04-18 18:49:45,258 [Worker-60: Launching Executing test in C__Users_hgarn_Documents_desarrollo_java_java-dignitae-24_ejemplo_cadena_test] INFO  o.eclipse.m2e.core.internal.Bundles - getClasspathEntries(Bundle=org.apache.commons.cli_1.6.0 [71])
2024-04-18 18:49:45,259 [Worker-60: Launching Executing test in C__Users_hgarn_Documents_desarrollo_java_java-dignitae-24_ejemplo_cadena_test] INFO  o.eclipse.m2e.core.internal.Bundles - 	Entry: C:\Users\hgarn\.p2\pool\plugins\org.apache.commons.cli_1.6.0.jar
2024-04-18 18:49:45,259 [Worker-60: Launching Executing test in C__Users_hgarn_Documents_desarrollo_java_java-dignitae-24_ejemplo_cadena_test] INFO  o.eclipse.m2e.core.internal.Bundles - getClasspathEntries(Bundle=org.apache.commons.commons-codec_1.16.0 [75])
2024-04-18 18:49:45,260 [Worker-60: Launching Executing test in C__Users_hgarn_Documents_desarrollo_java_java-dignitae-24_ejemplo_cadena_test] INFO  o.eclipse.m2e.core.internal.Bundles - 	Entry: C:\Users\hgarn\.p2\pool\plugins\org.apache.commons.commons-codec_1.16.0.jar
2024-04-18 18:49:45,260 [Worker-60: Launching Executing test in C__Users_hgarn_Documents_desarrollo_java_java-dignitae-24_ejemplo_cadena_test] INFO  o.eclipse.m2e.core.internal.Bundles - getClasspathEntries(Bundle=org.apache.commons.lang3_3.14.0 [992])
2024-04-18 18:49:45,260 [Worker-60: Launching Executing test in C__Users_hgarn_Documents_desarrollo_java_java-dignitae-24_ejemplo_cadena_test] INFO  o.eclipse.m2e.core.internal.Bundles - 	Entry: C:\Users\hgarn\.p2\pool\plugins\org.apache.commons.lang3_3.14.0.jar
2024-04-18 18:49:45,260 [Worker-60: Launching Executing test in C__Users_hgarn_Documents_desarrollo_java_java-dignitae-24_ejemplo_cadena_test] INFO  o.eclipse.m2e.core.internal.Bundles - getClasspathEntries(Bundle=com.google.guava.failureaccess_1.0.2 [13])
2024-04-18 18:49:45,260 [Worker-60: Launching Executing test in C__Users_hgarn_Documents_desarrollo_java_java-dignitae-24_ejemplo_cadena_test] INFO  o.eclipse.m2e.core.internal.Bundles - 	Entry: C:\Users\hgarn\.p2\pool\plugins\com.google.guava.failureaccess_1.0.2.jar
2024-04-18 18:49:45,265 [Worker-60: Launching Executing test in C__Users_hgarn_Documents_desarrollo_java_java-dignitae-24_ejemplo_cadena_test] INFO  o.e.m.i.launch.MavenLaunchDelegate - Run build in "C:\Users\hgarn\Documents\desarrollo\java\java-dignitae-24\ejemplo_cadena_test":
2024-04-18 18:49:45,265 [Worker-60: Launching Executing test in C__Users_hgarn_Documents_desarrollo_java_java-dignitae-24_ejemplo_cadena_test] INFO  o.e.m.i.launch.MavenLaunchDelegate -  mvn  -B -Dstyle.color=always test
2024-04-18 18:50:35,198 [Worker-65: Building] WARN  o.a.m.s.f.DefaultMavenResourcesFiltering - Using platform encoding (UTF-8 actually) to copy filtered resources, i.e. build is platform dependent!
2024-04-18 18:50:35,199 [Worker-65: Building] INFO  o.a.m.s.f.DefaultMavenResourcesFiltering - Copying 0 resource from src\main\resources to target\classes
2024-04-18 18:50:35,201 [Worker-65: Building] WARN  o.a.m.s.f.DefaultMavenResourcesFiltering - Using platform encoding (UTF-8 actually) to copy filtered resources, i.e. build is platform dependent!
2024-04-18 18:50:35,202 [Worker-65: Building] INFO  o.a.m.s.f.DefaultMavenResourcesFiltering - Copying 0 resource from src\test\resources to target\test-classes
2024-04-18 18:51:25,726 [Worker-60: Building] WARN  o.a.m.s.f.DefaultMavenResourcesFiltering - Using platform encoding (UTF-8 actually) to copy filtered resources, i.e. build is platform dependent!
2024-04-18 18:51:25,728 [Worker-60: Building] INFO  o.a.m.s.f.DefaultMavenResourcesFiltering - Copying 0 resource from src\main\resources to target\classes
2024-04-18 18:51:25,729 [Worker-60: Building] WARN  o.a.m.s.f.DefaultMavenResourcesFiltering - Using platform encoding (UTF-8 actually) to copy filtered resources, i.e. build is platform dependent!
2024-04-18 18:51:25,730 [Worker-60: Building] INFO  o.a.m.s.f.DefaultMavenResourcesFiltering - Copying 0 resource from src\test\resources to target\test-classes
2024-04-18 18:52:01,751 [Worker-61: Building] WARN  o.a.m.s.f.DefaultMavenResourcesFiltering - Using platform encoding (UTF-8 actually) to copy filtered resources, i.e. build is platform dependent!
2024-04-18 18:52:01,756 [Worker-61: Building] INFO  o.a.m.s.f.DefaultMavenResourcesFiltering - Copying 0 resource from src\main\resources to target\classes
2024-04-18 18:52:01,758 [Worker-61: Building] WARN  o.a.m.s.f.DefaultMavenResourcesFiltering - Using platform encoding (UTF-8 actually) to copy filtered resources, i.e. build is platform dependent!
2024-04-18 18:52:01,760 [Worker-61: Building] INFO  o.a.m.s.f.DefaultMavenResourcesFiltering - Copying 0 resource from src\test\resources to target\test-classes
